2024-06-01 01:53:13,662 - ERROR - Error in fetching address data: 404 Client Error: Not Found for url: https://devapi.endato.com/address/id1112%20Meyers%20St,%20Clute,%20Tx
2024-06-01 01:53:13,663 - INFO - {}
2024-06-01 01:53:41,387 - ERROR - Error in fetching address data: 404 Client Error: Not Found for url: https://devapi.endato.com/address/id1234_Main_Street_Los_Angeles_CA
2024-06-01 01:53:41,387 - INFO - {}
2024-06-01 01:54:17,518 - ERROR - Error in fetching address data: 404 Client Error: Not Found for url: https://devapi.endato.com/address/id/1234_Main_Street_Los_Angeles_CA
2024-06-01 01:54:17,519 - INFO - {}
2024-06-01 01:54:59,129 - ERROR - Error in fetching address data: 404 Client Error: Not Found for url: https://devapi.endato.com/address/id/1234_Main_Street_Los_Angeles_CA
2024-06-01 01:54:59,130 - INFO - {}
2024-06-01 01:55:47,100 - ERROR - Error in fetching address data: 400 Client Error: Bad Request for url: https://devapi.endato.com/address/id
2024-06-01 01:55:47,101 - INFO - {}
2024-06-01 01:57:31,724 - ERROR - Error in fetching address data: 400 Client Error: Bad Request for url: https://devapi.endato.com/address/id
2024-06-01 01:57:31,725 - INFO - {}
2024-06-01 01:59:13,838 - ERROR - Error in fetching address data: 400 Client Error: Bad Request for url: https://devapi.endato.com/address/id
2024-06-01 01:59:13,839 - INFO - {}
2024-06-01 01:59:43,990 - INFO - {'pagination': {'currentPageNumber': 1, 'resultsPerPage': 1, 'totalPages': 1, 'totalResults': 0}, 'databaseQueryInfo': [], 'searchCriteria': [], 'totalRequestExecutionTimeMs': 234, 'requestId': '17d9a7e4-6f5c-4e52-8de0-48782bc09f34', 'requestType': 'DevAPIAddressID', 'requestTime': '2024-05-31T23:59:43.6890241-07:00', 'isError': False, 'error': {'inputErrors': [], 'warnings': ['Address parser verification error message: Component Error']}}
2024-06-01 02:05:13,160 - ERROR - Error in fetching address data: 400 Client Error: Bad Request for url: https://devapi.endato.com/address/id
2024-06-01 02:05:13,161 - INFO - {}
2024-06-01 02:05:42,547 - ERROR - Error in fetching address data: 400 Client Error: Bad Request for url: https://devapi.endato.com/address/id
2024-06-01 02:05:42,547 - INFO - {}
2024-06-01 02:06:22,310 - ERROR - Error in fetching address data: 400 Client Error: Bad Request for url: https://devapi.endato.com/address/id
2024-06-01 02:06:22,311 - INFO - {}
2024-06-01 02:06:44,700 - ERROR - Error in fetching address data: 400 Client Error: Bad Request for url: https://devapi.endato.com/address/id
2024-06-01 02:06:44,701 - INFO - {}
2024-06-01 02:07:28,124 - INFO - {'pagination': None, 'databaseQueryInfo': [], 'searchCriteria': [], 'totalRequestExecutionTimeMs': 31, 'requestId': 'c1d63116-3f64-4bd0-84e7-bc66cd5e1e34', 'requestType': 'DevAPIAddressID', 'requestTime': '2024-06-01T00:07:28.0375164-07:00', 'isError': True, 'error': {'code': 'Invalid Input', 'message': 'Request contains invalid input values.', 'inputErrors': ['House Number and Street are required when using AddressLine1.'], 'warnings': ['Address parser verification error message: Unknown Street']}}
2024-06-01 02:08:27,658 - INFO - {'persons': [{'name': {'firstName': 'Darla', 'middleName': 'B', 'lastName': 'Griffin'}, 'age': '62', 'addresses': [], 'phones': [], 'emails': []}, {'name': {'firstName': 'Doris', 'middleName': 'W', 'lastName': 'Griffin'}, 'age': None, 'addresses': [], 'phones': [], 'emails': []}], 'pagination': {'currentPageNumber': 1, 'resultsPerPage': 1, 'totalPages': 1, 'totalResults': 0}, 'databaseQueryInfo': [], 'searchCriteria': [], 'totalRequestExecutionTimeMs': 172, 'requestId': '09df6200-2863-4a17-b975-950a59ed579b', 'requestType': 'DevAPIAddressID', 'requestTime': '2024-06-01T00:08:27.3981414-07:00', 'isError': False, 'error': {'inputErrors': [], 'warnings': []}}
2024-06-01 02:13:48,544 - INFO - {'persons': [{'name': {'firstName': 'Darla', 'middleName': 'B', 'lastName': 'Griffin'}, 'age': '62', 'addresses': [], 'phones': [], 'emails': []}, {'name': {'firstName': 'Doris', 'middleName': 'W', 'lastName': 'Griffin'}, 'age': None, 'addresses': [], 'phones': [], 'emails': []}], 'pagination': {'currentPageNumber': 1, 'resultsPerPage': 1, 'totalPages': 1, 'totalResults': 0}, 'databaseQueryInfo': [], 'searchCriteria': [], 'totalRequestExecutionTimeMs': 187, 'requestId': '35cc89de-6da9-48e2-a495-030ae691f241', 'requestType': 'DevAPIAddressID', 'requestTime': '2024-06-01T00:13:48.3097934-07:00', 'isError': False, 'error': {'inputErrors': [], 'warnings': []}}
2024-06-01 02:14:43,963 - INFO - {'persons': [{'name': {'firstName': 'Darla', 'middleName': 'B', 'lastName': 'Griffin'}, 'age': '62', 'addresses': [], 'phones': [], 'emails': []}, {'name': {'firstName': 'Doris', 'middleName': 'W', 'lastName': 'Griffin'}, 'age': None, 'addresses': [], 'phones': [], 'emails': []}], 'pagination': {'currentPageNumber': 1, 'resultsPerPage': 1, 'totalPages': 1, 'totalResults': 0}, 'databaseQueryInfo': [], 'searchCriteria': [], 'totalRequestExecutionTimeMs': 172, 'requestId': '83969b5f-261e-4d15-b6c1-d78dab28bb9d', 'requestType': 'DevAPIAddressID', 'requestTime': '2024-06-01T00:14:43.6327930-07:00', 'isError': False, 'error': {'inputErrors': [], 'warnings': []}}
2024-06-01 02:24:34,525 - INFO - {'persons': [{'name': {'firstName': 'Darla', 'middleName': 'B', 'lastName': 'Griffin'}, 'age': '62', 'addresses': [], 'phones': [], 'emails': []}, {'name': {'firstName': 'Doris', 'middleName': 'W', 'lastName': 'Griffin'}, 'age': None, 'addresses': [], 'phones': [], 'emails': []}], 'pagination': {'currentPageNumber': 1, 'resultsPerPage': 1, 'totalPages': 1, 'totalResults': 0}, 'databaseQueryInfo': [], 'searchCriteria': [], 'totalRequestExecutionTimeMs': 158, 'requestId': '9089d4a5-6e1a-4cff-89d9-7fdfbbdd0dcb', 'requestType': 'DevAPIAddressID', 'requestTime': '2024-06-01T00:24:34.3151504-07:00', 'isError': False, 'error': {'inputErrors': [], 'warnings': []}}
